<?xml version="1.0" encoding="UTF-8"?>
<!-- Generated by org.testng.reporters.JUnitReportReporter -->
<testsuite hostname="LAPTOP-39NIES78" failures="0" tests="26" name="testrunners.TestRunner" time="0.292" errors="0" timestamp="2024-12-16T11:41:33 EST" skipped="0">
  <testcase classname="testrunners.TestRunner" name="runScenario" time="0.007"/>
  <system-out/>
  <testcase classname="testrunners.TestRunner" name="runScenario" time="0.010"/>
  <system-out/>
  <testcase classname="testrunners.TestRunner" name="runScenario" time="0.011"/>
  <system-out/>
  <testcase classname="testrunners.TestRunner" name="runScenario" time="0.009"/>
  <system-out/>
  <testcase classname="testrunners.TestRunner" name="runScenario" time="0.004"/>
  <system-out/>
  <testcase classname="testrunners.TestRunner" name="runScenario" time="0.006"/>
  <system-out/>
  <testcase classname="testrunners.TestRunner" name="runScenario" time="0.105"/>
  <system-out/>
  <testcase classname="testrunners.TestRunner" name="runScenario" time="0.009"/>
  <system-out/>
  <testcase classname="testrunners.TestRunner" name="runScenario" time="0.007"/>
  <system-out/>
  <testcase classname="testrunners.TestRunner" name="runScenario" time="0.005"/>
  <system-out/>
  <testcase classname="testrunners.TestRunner" name="runScenario" time="0.007"/>
  <system-out/>
  <testcase classname="testrunners.TestRunner" name="runScenario" time="0.010"/>
  <system-out/>
  <testcase classname="testrunners.TestRunner" name="runScenario" time="0.003"/>
  <system-out/>
  <testcase classname="testrunners.TestRunner" name="runScenario" time="0.006"/>
  <system-out/>
  <testcase classname="testrunners.TestRunner" name="runScenario" time="0.008"/>
  <system-out/>
  <testcase classname="testrunners.TestRunner" name="runScenario" time="0.005"/>
  <system-out/>
  <testcase classname="testrunners.TestRunner" name="runScenario" time="0.007"/>
  <system-out/>
  <testcase classname="testrunners.TestRunner" name="runScenario" time="0.006"/>
  <system-out/>
  <testcase classname="testrunners.TestRunner" name="runScenario" time="0.010"/>
  <system-out/>
  <testcase classname="testrunners.TestRunner" name="runScenario" time="0.006"/>
  <system-out/>
  <testcase classname="testrunners.TestRunner" name="runScenario" time="0.015"/>
  <system-out/>
  <testcase classname="testrunners.TestRunner" name="runScenario" time="0.007"/>
  <system-out/>
  <testcase classname="testrunners.TestRunner" name="runScenario" time="0.007"/>
  <system-out/>
  <testcase classname="testrunners.TestRunner" name="runScenario" time="0.010"/>
  <system-out/>
  <testcase classname="testrunners.TestRunner" name="runScenario" time="0.005"/>
  <system-out/>
  <testcase classname="testrunners.TestRunner" name="runScenario" time="0.007"/>
  <system-out/>
</testsuite> <!-- testrunners.TestRunner -->
